<?xml version="1.0" encoding="UTF-8"?>
<!-- Generated by org.testng.reporters.JUnitReportReporter -->
<testsuite hostname="LAPTOP-6IUCBSL8" failures="0" tests="3" name="com.tutorialsninja.qa.testcases.Search" time="30.504" errors="0" timestamp="2023-04-27T07:52:43 IST" skipped="0">
  <testcase classname="com.tutorialsninja.qa.testcases.Search" name="verifySearchWithValidProduct" time="12.311"/>
  <system-out/>
  <testcase classname="com.tutorialsninja.qa.testcases.Search" name="verifySearchWithInvalidProduct" time="9.486"/>
  <system-out/>
  <testcase classname="com.tutorialsninja.qa.testcases.Search" name="verifySearchWithoutAnyProduct" time="8.707"/>
  <system-out/>
</testsuite> <!-- com.tutorialsninja.qa.testcases.Search -->
