<?xml version="1.0" encoding="UTF-8"?>
<!-- Generated by org.testng.reporters.JUnitReportReporter -->
<testsuite hostname="LAPTOP-6IUCBSL8" failures="0" tests="4" name="com.tutorialsninja.qa.testcases.Register" time="60.340" errors="0" timestamp="2023-04-27T07:52:43 IST" skipped="0">
  <testcase classname="com.tutorialsninja.qa.testcases.Register" name="verifyRegisteringAnAccountWithMandotoryFeilds" time="18.675"/>
  <system-out/>
  <testcase classname="com.tutorialsninja.qa.testcases.Register" name="verifyRegisteringAccountwithAllFeilds" time="14.738"/>
  <system-out/>
  <testcase classname="com.tutorialsninja.qa.testcases.Register" name="verifyRegisteringAccountWithExistingEmailAddress" time="13.656"/>
  <system-out/>
  <testcase classname="com.tutorialsninja.qa.testcases.Register" name="verifyRegisteringAccountWithoutEnteringAnyFeilds" time="13.271"/>
  <system-out/>
</testsuite> <!-- com.tutorialsninja.qa.testcases.Register -->
